0 verbose cli /opt/homebrew/Cellar/node/25.9.0_1/bin/node /opt/homebrew/bin/npm
1 info using npm@11.12.1
2 info using node@v25.9.0
3 silly config load:file:/opt/homebrew/lib/node_modules/npm/npmrc
4 silly config load:file:/Users/chriskong/Downloads/同步空间/Python/asset/daily-cost-tracker/.npmrc
5 silly config load:file:/Users/chriskong/.npmrc
6 silly config load:file:/opt/homebrew/etc/npmrc
7 verbose title npm install react-dom@19.1.0 react-native-web@^0.21.0
8 verbose argv "install" "react-dom@19.1.0" "react-native-web@^0.21.0" "--legacy-peer-deps" "--cache" ".npm-cache"
9 verbose logfile logs-max:10 dir:/Users/chriskong/Downloads/同步空间/Python/asset/daily-cost-tracker/.npm-cache/_logs/2026-05-09T08_27_24_913Z-
10 verbose logfile /Users/chriskong/Downloads/同步空间/Python/asset/daily-cost-tracker/.npm-cache/_logs/2026-05-09T08_27_24_913Z-debug-0.log
11 silly logfile done cleaning log files
12 silly packumentCache heap:4496293888 maxSize:1124073472 maxEntrySize:562036736
13 silly idealTree buildDeps
14 silly fetch manifest react-dom@19.1.0
15 silly packumentCache full:https://registry.npmmirror.com/react-dom cache-miss
16 http fetch GET 200 https://registry.npmmirror.com/react-dom 2813ms (cache miss)
17 silly packumentCache full:https://registry.npmmirror.com/react-dom set size:1384230 disposed:false
18 silly fetch manifest react-native-web@^0.21.0
19 silly packumentCache full:https://registry.npmmirror.com/react-native-web cache-miss
20 http fetch GET 200 https://registry.npmmirror.com/react-native-web 262ms (cache miss)
21 silly packumentCache full:https://registry.npmmirror.com/react-native-web set size:132195 disposed:false
22 silly placeDep ROOT react-dom@19.1.0 OK for: daily-cost-tracker@1.0.0 want: 19.1.0
23 silly placeDep ROOT react-native-web@0.21.2 OK for: daily-cost-tracker@1.0.0 want: ^0.21.0
24 silly fetch manifest @react-native/normalize-colors@^0.74.1
25 silly packumentCache full:https://registry.npmmirror.com/@react-native%2fnormalize-colors cache-miss
26 silly fetch manifest fbjs@^3.0.4
27 silly packumentCache full:https://registry.npmmirror.com/fbjs cache-miss
28 silly fetch manifest inline-style-prefixer@^7.0.1
29 silly packumentCache full:https://registry.npmmirror.com/inline-style-prefixer cache-miss
30 silly fetch manifest memoize-one@^6.0.0
31 silly packumentCache full:https://registry.npmmirror.com/memoize-one cache-miss
32 silly fetch manifest postcss-value-parser@^4.2.0
33 silly packumentCache full:https://registry.npmmirror.com/postcss-value-parser cache-miss
34 silly fetch manifest styleq@^0.1.3
35 silly packumentCache full:https://registry.npmmirror.com/styleq cache-miss
36 http fetch GET 200 https://registry.npmmirror.com/@react-native%2fnormalize-colors 403ms (cache miss)
37 silly packumentCache full:https://registry.npmmirror.com/@react-native%2fnormalize-colors set size:347101 disposed:false
38 http fetch GET 200 https://registry.npmmirror.com/inline-style-prefixer 552ms (cache miss)
39 silly packumentCache full:https://registry.npmmirror.com/inline-style-prefixer set size:32172 disposed:false
40 http fetch GET 200 https://registry.npmmirror.com/postcss-value-parser 555ms (cache miss)
41 silly packumentCache full:https://registry.npmmirror.com/postcss-value-parser set size:14091 disposed:false
42 http fetch GET 200 https://registry.npmmirror.com/styleq 575ms (cache miss)
43 silly packumentCache full:https://registry.npmmirror.com/styleq set size:21978 disposed:false
44 http fetch GET 200 https://registry.npmmirror.com/fbjs 576ms (cache miss)
45 silly packumentCache full:https://registry.npmmirror.com/fbjs set size:25601 disposed:false
46 http fetch GET 200 https://registry.npmmirror.com/memoize-one 1243ms (cache miss)
47 silly packumentCache full:https://registry.npmmirror.com/memoize-one set size:21734 disposed:false
48 silly placeDep node_modules/react-native-web @react-native/normalize-colors@0.74.89 OK for: react-native-web@0.21.2 want: ^0.74.1
49 silly placeDep ROOT fbjs@3.0.5 OK for: react-native-web@0.21.2 want: ^3.0.4
50 silly placeDep ROOT inline-style-prefixer@7.0.1 OK for: react-native-web@0.21.2 want: ^7.0.1
51 silly placeDep node_modules/react-native-web memoize-one@6.0.0 OK for: react-native-web@0.21.2 want: ^6.0.0
52 silly placeDep ROOT postcss-value-parser@4.2.0 OK for: react-native-web@0.21.2 want: ^4.2.0
53 silly placeDep ROOT styleq@0.1.3 OK for: react-native-web@0.21.2 want: ^0.1.3
54 silly fetch manifest cross-fetch@^3.1.5
55 silly packumentCache full:https://registry.npmmirror.com/cross-fetch cache-miss
56 silly fetch manifest fbjs-css-vars@^1.0.0
57 silly packumentCache full:https://registry.npmmirror.com/fbjs-css-vars cache-miss
58 silly fetch manifest promise@^7.1.1
59 silly packumentCache full:https://registry.npmmirror.com/promise cache-miss
60 silly fetch manifest setimmediate@^1.0.5
61 silly packumentCache full:https://registry.npmmirror.com/setimmediate cache-miss
62 silly fetch manifest ua-parser-js@^1.0.35
63 silly packumentCache full:https://registry.npmmirror.com/ua-parser-js cache-miss
64 silly fetch manifest css-in-js-utils@^3.1.0
65 silly packumentCache full:https://registry.npmmirror.com/css-in-js-utils cache-miss
66 http fetch GET 200 https://registry.npmmirror.com/fbjs-css-vars 151ms (cache miss)
67 silly packumentCache full:https://registry.npmmirror.com/fbjs-css-vars set size:2131 disposed:false
68 http fetch GET 200 https://registry.npmmirror.com/setimmediate 155ms (cache miss)
69 silly packumentCache full:https://registry.npmmirror.com/setimmediate set size:5233 disposed:false
70 http fetch GET 200 https://registry.npmmirror.com/cross-fetch 164ms (cache miss)
71 silly packumentCache full:https://registry.npmmirror.com/cross-fetch set size:26947 disposed:false
72 http fetch GET 200 https://registry.npmmirror.com/css-in-js-utils 277ms (cache miss)
73 silly packumentCache full:https://registry.npmmirror.com/css-in-js-utils set size:7422 disposed:false
74 http fetch GET 200 https://registry.npmmirror.com/ua-parser-js 304ms (cache miss)
75 silly packumentCache full:https://registry.npmmirror.com/ua-parser-js set size:82199 disposed:false
76 http fetch GET 200 https://registry.npmmirror.com/promise 385ms (cache miss)
77 silly packumentCache full:https://registry.npmmirror.com/promise set size:19286 disposed:false
78 silly placeDep ROOT cross-fetch@3.2.0 OK for: fbjs@3.0.5 want: ^3.1.5
79 silly placeDep ROOT fbjs-css-vars@1.0.2 OK for: fbjs@3.0.5 want: ^1.0.0
80 silly placeDep node_modules/fbjs promise@7.3.1 OK for: fbjs@3.0.5 want: ^7.1.1
81 silly placeDep ROOT setimmediate@1.0.5 OK for: fbjs@3.0.5 want: ^1.0.5
82 silly placeDep ROOT ua-parser-js@1.0.41 OK for: fbjs@3.0.5 want: ^1.0.35
83 silly fetch manifest node-fetch@^2.7.0
84 silly packumentCache full:https://registry.npmmirror.com/node-fetch cache-miss
85 http fetch GET 200 https://registry.npmmirror.com/node-fetch 732ms (cache miss)
86 silly packumentCache full:https://registry.npmmirror.com/node-fetch set size:63386 disposed:false
87 silly placeDep ROOT node-fetch@2.7.0 OK for: cross-fetch@3.2.0 want: ^2.7.0
88 silly fetch manifest whatwg-url@^5.0.0
89 silly packumentCache full:https://registry.npmmirror.com/whatwg-url cache-miss
90 http fetch GET 200 https://registry.npmmirror.com/whatwg-url 232ms (cache miss)
91 silly packumentCache full:https://registry.npmmirror.com/whatwg-url set size:27984 disposed:false
92 silly placeDep ROOT css-in-js-utils@3.1.0 OK for: inline-style-prefixer@7.0.1 want: ^3.1.0
93 silly fetch manifest hyphenate-style-name@^1.0.3
94 silly packumentCache full:https://registry.npmmirror.com/hyphenate-style-name cache-miss
95 http fetch GET 200 https://registry.npmmirror.com/hyphenate-style-name 148ms (cache miss)
96 silly packumentCache full:https://registry.npmmirror.com/hyphenate-style-name set size:3842 disposed:false
97 silly placeDep ROOT hyphenate-style-name@1.1.0 OK for: css-in-js-utils@3.1.0 want: ^1.0.3
98 silly placeDep ROOT whatwg-url@5.0.0 OK for: node-fetch@2.7.0 want: ^5.0.0
99 silly fetch manifest tr46@~0.0.3
100 silly packumentCache full:https://registry.npmmirror.com/tr46 cache-miss
101 silly fetch manifest webidl-conversions@^3.0.0
102 silly packumentCache full:https://registry.npmmirror.com/webidl-conversions cache-miss
103 http fetch GET 200 https://registry.npmmirror.com/webidl-conversions 189ms (cache miss)
104 silly packumentCache full:https://registry.npmmirror.com/webidl-conversions set size:11193 disposed:false
105 http fetch GET 200 https://registry.npmmirror.com/tr46 315ms (cache miss)
106 silly packumentCache full:https://registry.npmmirror.com/tr46 set size:10515 disposed:false
107 silly placeDep ROOT tr46@0.0.3 OK for: whatwg-url@5.0.0 want: ~0.0.3
108 silly placeDep node_modules/whatwg-url webidl-conversions@3.0.1 OK for: whatwg-url@5.0.0 want: ^3.0.0
109 silly reify moves {}
110 silly audit bulk request {
110 silly audit   '@0no-co/graphql.web': [ '1.2.0' ],
110 silly audit   '@babel/code-frame': [ '7.10.4', '7.29.0' ],
110 silly audit   '@babel/compat-data': [ '7.29.3' ],
110 silly audit   '@babel/core': [ '7.29.0' ],
110 silly audit   semver: [ '6.3.1', '7.7.2', '7.7.4' ],
110 silly audit   '@babel/generator': [ '7.29.1' ],
110 silly audit   '@babel/helper-annotate-as-pure': [ '7.27.3' ],
110 silly audit   '@babel/helper-compilation-targets': [ '7.28.6' ],
110 silly audit   '@babel/helper-create-class-features-plugin': [ '7.29.3' ],
110 silly audit   '@babel/helper-create-regexp-features-plugin': [ '7.28.5' ],
110 silly audit   '@babel/helper-define-polyfill-provider': [ '0.6.8' ],
110 silly audit   '@babel/helper-globals': [ '7.28.0' ],
110 silly audit   '@babel/helper-member-expression-to-functions': [ '7.28.5' ],
110 silly audit   '@babel/helper-module-imports': [ '7.28.6' ],
110 silly audit   '@babel/helper-module-transforms': [ '7.28.6' ],
110 silly audit   '@babel/helper-optimise-call-expression': [ '7.27.1' ],
110 silly audit   '@babel/helper-plugin-utils': [ '7.28.6' ],
110 silly audit   '@babel/helper-remap-async-to-generator': [ '7.27.1' ],
110 silly audit   '@babel/helper-replace-supers': [ '7.28.6' ],
110 silly audit   '@babel/helper-skip-transparent-expression-wrappers': [ '7.27.1' ],
110 silly audit   '@babel/helper-string-parser': [ '7.27.1' ],
110 silly audit   '@babel/helper-validator-identifier': [ '7.28.5' ],
110 silly audit   '@babel/helper-validator-option': [ '7.27.1' ],
110 silly audit   '@babel/helper-wrap-function': [ '7.28.6' ],
110 silly audit   '@babel/helpers': [ '7.29.2' ],
110 silly audit   '@babel/highlight': [ '7.25.9' ],
110 silly audit   '@babel/parser': [ '7.29.3' ],
110 silly audit   '@babel/plugin-proposal-decorators': [ '7.29.0' ],
110 silly audit   '@babel/plugin-proposal-export-default-from': [ '7.27.1' ],
110 silly audit   '@babel/plugin-syntax-async-generators': [ '7.8.4' ],
110 silly audit   '@babel/plugin-syntax-bigint': [ '7.8.3' ],
110 silly audit   '@babel/plugin-syntax-class-properties': [ '7.12.13' ],
110 silly audit   '@babel/plugin-syntax-class-static-block': [ '7.14.5' ],
110 silly audit   '@babel/plugin-syntax-decorators': [ '7.28.6' ],
110 silly audit   '@babel/plugin-syntax-dynamic-import': [ '7.8.3' ],
110 silly audit   '@babel/plugin-syntax-export-default-from': [ '7.28.6' ],
110 silly audit   '@babel/plugin-syntax-flow': [ '7.28.6' ],
110 silly audit   '@babel/plugin-syntax-import-attributes': [ '7.28.6' ],
110 silly audit   '@babel/plugin-syntax-import-meta': [ '7.10.4' ],
110 silly audit   '@babel/plugin-syntax-json-strings': [ '7.8.3' ],
110 silly audit   '@babel/plugin-syntax-jsx': [ '7.28.6' ],
110 silly audit   '@babel/plugin-syntax-logical-assignment-operators': [ '7.10.4' ],
110 silly audit   '@babel/plugin-syntax-nullish-coalescing-operator': [ '7.8.3' ],
110 silly audit   '@babel/plugin-syntax-numeric-separator': [ '7.10.4' ],
110 silly audit   '@babel/plugin-syntax-object-rest-spread': [ '7.8.3' ],
110 silly audit   '@babel/plugin-syntax-optional-catch-binding': [ '7.8.3' ],
110 silly audit   '@babel/plugin-syntax-optional-chaining': [ '7.8.3' ],
110 silly audit   '@babel/plugin-syntax-private-property-in-object': [ '7.14.5' ],
110 silly audit   '@babel/plugin-syntax-top-level-await': [ '7.14.5' ],
110 silly audit   '@babel/plugin-syntax-typescript': [ '7.28.6' ],
110 silly audit   '@babel/plugin-transform-arrow-functions': [ '7.27.1' ],
110 silly audit   '@babel/plugin-transform-async-generator-functions': [ '7.29.0' ],
110 silly audit   '@babel/plugin-transform-async-to-generator': [ '7.28.6' ],
110 silly audit   '@babel/plugin-transform-block-scoping': [ '7.28.6' ],
110 silly audit   '@babel/plugin-transform-class-properties': [ '7.28.6' ],
110 silly audit   '@babel/plugin-transform-class-static-block': [ '7.28.6' ],
110 silly audit   '@babel/plugin-transform-classes': [ '7.28.6' ],
110 silly audit   '@babel/plugin-transform-computed-properties': [ '7.28.6' ],
110 silly audit   '@babel/plugin-transform-destructuring': [ '7.28.5' ],
110 silly audit   '@babel/plugin-transform-export-namespace-from': [ '7.27.1' ],
110 silly audit   '@babel/plugin-transform-flow-strip-types': [ '7.27.1' ],
110 silly audit   '@babel/plugin-transform-for-of': [ '7.27.1' ],
110 silly audit   '@babel/plugin-transform-function-name': [ '7.27.1' ],
110 silly audit   '@babel/plugin-transform-literals': [ '7.27.1' ],
110 silly audit   '@babel/plugin-transform-logical-assignment-operators': [ '7.28.6' ],
110 silly audit   '@babel/plugin-transform-modules-commonjs': [ '7.28.6' ],
110 silly audit   '@babel/plugin-transform-named-capturing-groups-regex': [ '7.29.0' ],
110 silly audit   '@babel/plugin-transform-nullish-coalescing-operator': [ '7.28.6' ],
110 silly audit   '@babel/plugin-transform-numeric-separator': [ '7.28.6' ],
110 silly audit   '@babel/plugin-transform-object-rest-spread': [ '7.28.6' ],
110 silly audit   '@babel/plugin-transform-optional-catch-binding': [ '7.28.6' ],
110 silly audit   '@babel/plugin-transform-optional-chaining': [ '7.28.6' ],
110 silly audit   '@babel/plugin-transform-parameters': [ '7.27.7' ],
110 silly audit   '@babel/plugin-transform-private-methods': [ '7.28.6' ],
110 silly audit   '@babel/plugin-transform-private-property-in-object': [ '7.28.6' ],
110 silly audit   '@babel/plugin-transform-react-display-name': [ '7.28.0' ],
110 silly audit   '@babel/plugin-transform-react-jsx': [ '7.28.6' ],
110 silly audit   '@babel/plugin-transform-react-jsx-development': [ '7.27.1' ],
110 silly audit   '@babel/plugin-transform-react-jsx-self': [ '7.27.1' ],
110 silly audit   '@babel/plugin-transform-react-jsx-source': [ '7.27.1' ],
110 silly audit   '@babel/plugin-transform-react-pure-annotations': [ '7.27.1' ],
110 silly audit   '@babel/plugin-transform-regenerator': [ '7.29.0' ],
110 silly audit   '@babel/plugin-transform-runtime': [ '7.29.0' ],
110 silly audit   '@babel/plugin-transform-shorthand-properties': [ '7.27.1' ],
110 silly audit   '@babel/plugin-transform-spread': [ '7.28.6' ],
110 silly audit   '@babel/plugin-transform-sticky-regex': [ '7.27.1' ],
110 silly audit   '@babel/plugin-transform-template-literals': [ '7.27.1' ],
110 silly audit   '@babel/plugin-transform-typescript': [ '7.28.6' ],
110 silly audit   '@babel/plugin-transform-unicode-regex': [ '7.27.1' ],
110 silly audit   '@babel/preset-react': [ '7.28.5' ],
110 silly audit   '@babel/preset-typescript': [ '7.28.5' ],
110 silly audit   '@babel/runtime': [ '7.29.2' ],
110 silly audit   '@babel/template': [ '7.28.6' ],
110 silly audit   '@babel/traverse': [ '7.29.0' ],
110 silly audit   '@babel/types': [ '7.29.0' ],
110 silly audit   '@egjs/hammerjs': [ '2.0.17' ],
110 silly audit   '@expo/code-signing-certificates': [ '0.0.6' ],
110 silly audit   '@expo/config': [ '12.0.13' ],
110 silly audit   '@expo/config-plugins': [ '54.0.4' ],
110 silly audit   'ansi-styles': [ '4.3.0', '3.2.1', '5.2.0' ],
110 silly audit   chalk: [ '4.1.2', '2.4.2' ],
110 silly audit   'color-convert': [ '2.0.1', '1.9.3' ],
110 silly audit   'color-name': [ '1.1.4', '1.1.3' ],
110 silly audit   'has-flag': [ '4.0.0', '3.0.0' ],
110 silly audit   'supports-color': [ '7.2.0', '8.1.1', '5.5.0' ],
110 silly audit   '@expo/config-types': [ '54.0.10' ],
110 silly audit   '@expo/devcert': [ '1.2.1' ],
110 silly audit   debug: [ '3.2.7', '2.6.9', '4.4.3' ],
110 silly audit   '@expo/devtools': [ '0.1.8' ],
110 silly audit   '@expo/env': [ '2.0.11' ],
110 silly audit   '@expo/fingerprint': [ '0.15.5' ],
110 silly audit   '@expo/image-utils': [ '0.8.13' ],
110 silly audit   '@expo/json-file': [ '10.0.13' ],
110 silly audit   '@expo/metro': [ '54.2.0' ],
110 silly audit   '@expo/osascript': [ '2.4.2' ],
110 silly audit   '@expo/package-manager': [ '1.10.4' ],
110 silly audit   '@expo/plist': [ '0.4.8' ],
110 silly audit   '@expo/require-utils': [ '55.0.4' ],
110 silly audit   '@expo/schema-utils': [ '0.1.8' ],
110 silly audit   '@expo/sdk-runtime-versions': [ '1.0.0' ],
110 silly audit   '@expo/spawn-async': [ '1.7.2' ],
110 silly audit   '@expo/sudo-prompt': [ '9.3.2' ],
110 silly audit   '@expo/vector-icons': [ '15.1.1' ],
110 silly audit   '@expo/ws-tunnel': [ '1.0.6' ],
110 silly audit   '@expo/xcpretty': [ '4.4.3' ],
110 silly audit   argparse: [ '2.0.1', '1.0.10' ],
110 silly audit   'js-yaml': [ '4.1.1', '3.14.2' ],
110 silly audit   '@hookform/resolvers': [ '5.2.2' ],
110 silly audit   '@ide/backoff': [ '1.0.0' ],
110 silly audit   '@isaacs/fs-minipass': [ '4.0.1' ],
110 silly audit   '@isaacs/ttlcache': [ '1.4.1' ],
110 silly audit   '@istanbuljs/load-nyc-config': [ '1.1.0' ],
110 silly audit   camelcase: [ '5.3.1', '6.3.0' ],
110 silly audit   '@istanbuljs/schema': [ '0.1.6' ],
110 silly audit   '@jest/create-cache-key-function': [ '29.7.0' ],
110 silly audit   '@jest/environment': [ '29.7.0' ],
110 silly audit   '@jest/fake-timers': [ '29.7.0' ],
110 silly audit   '@jest/schemas': [ '29.6.3' ],
110 silly audit   '@jest/transform': [ '29.7.0' ],
110 silly audit   '@jest/types': [ '29.6.3' ],
110 silly audit   '@jridgewell/gen-mapping': [ '0.3.13' ],
110 silly audit   '@jridgewell/remapping': [ '2.3.5' ],
110 silly audit   '@jridgewell/resolve-uri': [ '3.1.2' ],
110 silly audit   '@jridgewell/source-map': [ '0.3.11' ],
110 silly audit   '@jridgewell/sourcemap-codec': [ '1.5.5' ],
110 silly audit   '@jridgewell/trace-mapping': [ '0.3.31' ],
110 silly audit   '@react-native-async-storage/async-storage': [ '2.2.0' ],
110 silly audit   '@react-native-community/datetimepicker': [ '8.4.4' ],
110 silly audit   '@react-native/assets-registry': [ '0.81.5' ],
110 silly audit   '@react-native/babel-plugin-codegen': [ '0.81.5' ],
110 silly audit   '@react-native/babel-preset': [ '0.81.5' ],
110 silly audit   '@react-native/codegen': [ '0.81.5' ],
110 silly audit   'balanced-match': [ '1.0.2', '4.0.4' ],
110 silly audit   'brace-expansion': [ '1.1.14', '5.0.5', '2.1.0' ],
110 silly audit   glob: [ '7.2.3', '13.0.6' ],
110 silly audit   'hermes-estree': [ '0.29.1', '0.32.0' ],
110 silly audit   'hermes-parser': [ '0.29.1', '0.32.0' ],
110 silly audit   minimatch: [ '3.1.5', '9.0.9', '10.2.5' ],
110 silly audit   '@react-native/community-cli-plugin': [ '0.81.5' ],
110 silly audit   '@react-native/debugger-frontend': [ '0.81.5' ],
110 silly audit   '@react-native/dev-middleware': [ '0.81.5' ],
110 silly audit   ws: [ '6.2.3', '8.20.0', '7.5.10' ],
110 silly audit   '@react-native/gradle-plugin': [ '0.81.5' ],
110 silly audit   '@react-native/js-polyfills': [ '0.81.5' ],
110 silly audit   '@react-native/normalize-colors': [ '0.81.5', '0.74.89' ],
110 silly audit   '@react-navigation/bottom-tabs': [ '7.15.11' ],
110 silly audit   '@react-navigation/core': [ '7.17.2' ],
110 silly audit   'escape-string-regexp': [ '4.0.0', '1.0.5', '2.0.0' ],
110 silly audit   'react-is': [ '19.2.5', '16.13.1', '18.3.1' ],
110 silly audit   '@react-navigation/elements': [ '2.9.15' ],
110 silly audit   '@react-navigation/native': [ '7.2.2' ],
110 silly audit   '@react-navigation/native-stack': [ '7.14.12' ],
110 silly audit   '@react-navigation/routers': [ '7.5.3' ],
110 silly audit   '@shopify/react-native-skia': [ '2.2.12' ],
110 silly audit   '@sinclair/typebox': [ '0.27.10' ],
110 silly audit   '@sinonjs/commons': [ '3.0.1' ],
110 silly audit   '@sinonjs/fake-timers': [ '10.3.0' ],
110 silly audit   '@standard-schema/utils': [ '0.3.0' ],
110 silly audit   '@types/babel__core': [ '7.20.5' ],
110 silly audit   '@types/babel__generator': [ '7.27.0' ],
110 silly audit   '@types/babel__template': [ '7.4.4' ],
110 silly audit   '@types/babel__traverse': [ '7.28.0' ],
110 silly audit   '@types/graceful-fs': [ '4.1.9' ],
110 silly audit   '@types/hammerjs': [ '2.0.46' ],
110 silly audit   '@types/istanbul-lib-coverage': [ '2.0.6' ],
110 silly audit   '@types/istanbul-lib-report': [ '3.0.3' ],
110 silly audit   '@types/istanbul-reports': [ '3.0.4' ],
110 silly audit   '@types/node': [ '25.6.0' ],
110 silly audit   '@types/react': [ '19.1.17' ],
110 silly audit   '@types/react-reconciler': [ '0.28.9' ],
110 silly audit   '@types/stack-utils': [ '2.0.3' ],
110 silly audit   '@types/yargs': [ '17.0.35' ],
110 silly audit   '@types/yargs-parser': [ '21.0.3' ],
110 silly audit   '@ungap/structured-clone': [ '1.3.0' ],
110 silly audit   '@urql/core': [ '5.2.0' ],
110 silly audit   '@urql/exchange-retry': [ '1.3.2' ],
110 silly audit   '@webgpu/types': [ '0.1.21' ],
110 silly audit   '@xmldom/xmldom': [ '0.8.13', '0.9.10' ],
110 silly audit   'abort-controller': [ '3.0.0' ],
110 silly audit   accepts: [ '1.3.8' ],
110 silly audit   acorn: [ '8.16.0' ],
110 silly audit   'agent-base': [ '7.1.4' ],
110 silly audit   anser: [ '1.4.10' ],
110 silly audit   'ansi-escapes': [ '4.3.2' ],
110 silly audit   'type-fest': [ '0.21.3', '0.7.1' ],
110 silly audit   'ansi-regex': [ '5.0.1', '4.1.1' ],
110 silly audit   'any-promise': [ '1.3.0' ],
110 silly audit   anymatch: [ '3.1.3' ],
110 silly audit   arg: [ '5.0.2' ],
110 silly audit   asap: [ '2.0.6' ],
110 silly audit   assert: [ '2.1.0' ],
110 silly audit   'async-limiter': [ '1.0.1' ],
110 silly audit   'available-typed-arrays': [ '1.0.7' ],
110 silly audit   'await-lock': [ '2.2.2' ],
110 silly audit   'babel-jest': [ '29.7.0' ],
110 silly audit   'babel-plugin-istanbul': [ '6.1.1' ],
110 silly audit   'babel-plugin-jest-hoist': [ '29.6.3' ],
110 silly audit   'babel-plugin-polyfill-corejs2': [ '0.4.17' ],
110 silly audit   'babel-plugin-polyfill-corejs3': [ '0.13.0' ],
110 silly audit   'babel-plugin-polyfill-regenerator': [ '0.6.8' ],
110 silly audit   'babel-plugin-react-compiler': [ '1.0.0' ],
110 silly audit   'babel-plugin-react-native-web': [ '0.21.2' ],
110 silly audit   'babel-plugin-syntax-hermes-parser': [ '0.29.1' ],
110 silly audit   'babel-plugin-transform-flow-enums': [ '0.0.2' ],
110 silly audit   'babel-preset-current-node-syntax': [ '1.2.0' ],
110 silly audit   'babel-preset-expo': [ '54.0.10' ],
110 silly audit   'babel-preset-jest': [ '29.6.3' ],
110 silly audit   badgin: [ '1.2.3' ],
110 silly audit   'base64-js': [ '1.5.1' ],
110 silly audit   'baseline-browser-mapping': [ '2.10.27' ],
110 silly audit   'better-opn': [ '3.0.2' ],
110 silly audit   open: [ '8.4.2', '7.4.2' ],
110 silly audit   'big-integer': [ '1.6.52' ],
110 silly audit   boolbase: [ '1.0.0' ],
110 silly audit   'bplist-creator': [ '0.1.0' ],
110 silly audit   'bplist-parser': [ '0.3.1' ],
110 silly audit   braces: [ '3.0.3' ],
110 silly audit   browserslist: [ '4.28.2' ],
110 silly audit   bser: [ '2.1.1' ],
110 silly audit   buffer: [ '5.7.1' ],
110 silly audit   'buffer-from': [ '1.1.2' ],
110 silly audit   bytes: [ '3.1.2' ],
110 silly audit   'call-bind': [ '1.0.9' ],
110 silly audit   'call-bind-apply-helpers': [ '1.0.2' ],
110 silly audit   'call-bound': [ '1.0.4' ],
110 silly audit   'caniuse-lite': [ '1.0.30001791' ],
110 silly audit   'canvaskit-wasm': [ '0.40.0' ],
110 silly audit   chownr: [ '3.0.0' ],
110 silly audit   'chrome-launcher': [ '0.15.2' ],
110 silly audit   'chromium-edge-launcher': [ '0.2.0' ],
110 silly audit   'ci-info': [ '2.0.0', '3.9.0' ],
110 silly audit   'cli-cursor': [ '2.1.0' ],
110 silly audit   'cli-spinners': [ '2.9.2' ],
110 silly audit   cliui: [ '8.0.1' ],
110 silly audit   clone: [ '1.0.4' ],
110 silly audit   color: [ '4.2.3' ],
110 silly audit   'color-string': [ '1.9.1' ],
110 silly audit   commander: [ '7.2.0', '12.1.0', '4.1.1', '2.20.3' ],
110 silly audit   compressible: [ '2.0.18' ],
110 silly audit   compression: [ '1.8.1' ],
110 silly audit   ms: [ '2.0.0', '2.1.3' ],
110 silly audit   negotiator: [ '0.6.4', '0.6.3' ],
110 silly audit   'concat-map': [ '0.0.1' ],
110 silly audit   connect: [ '3.7.0' ],
110 silly audit   'convert-source-map': [ '2.0.0' ],
110 silly audit   'core-js-compat': [ '3.49.0' ],
110 silly audit   'cross-spawn': [ '7.0.6' ],
110 silly audit   'css-select': [ '5.2.2' ],
110 silly audit   'css-tree': [ '1.1.3' ],
110 silly audit   'source-map': [ '0.6.1', '0.5.7' ],
110 silly audit   'css-what': [ '6.2.2' ],
110 silly audit   csstype: [ '3.2.3' ],
110 silly audit   'd3-array': [ '3.2.4' ],
110 silly audit   'd3-color': [ '3.1.0' ],
110 silly audit   'd3-dispatch': [ '3.0.1' ],
110 silly audit   'd3-drag': [ '3.0.0' ],
110 silly audit   'd3-ease': [ '3.0.1' ],
110 silly audit   'd3-format': [ '3.1.2' ],
110 silly audit   'd3-interpolate': [ '3.0.1' ],
110 silly audit   'd3-path': [ '3.1.0' ],
110 silly audit   'd3-scale': [ '4.0.2' ],
110 silly audit   'd3-selection': [ '3.0.0' ],
110 silly audit   'd3-shape': [ '3.2.0' ],
110 silly audit   'd3-time': [ '3.1.0' ],
110 silly audit   'd3-time-format': [ '4.1.0' ],
110 silly audit   'd3-timer': [ '3.0.1' ],
110 silly audit   'd3-transition': [ '3.0.1' ],
110 silly audit   'd3-zoom': [ '3.0.0' ],
110 silly audit   'decode-uri-component': [ '0.2.2' ],
110 silly audit   'deep-extend': [ '0.6.0' ],
110 silly audit   deepmerge: [ '4.3.1' ],
110 silly audit   defaults: [ '1.0.4' ],
110 silly audit   'define-data-property': [ '1.1.4' ],
110 silly audit   'define-lazy-prop': [ '2.0.0' ],
110 silly audit   'define-properties': [ '1.2.1' ],
110 silly audit   depd: [ '2.0.0' ],
110 silly audit   destroy: [ '1.2.0' ],
110 silly audit   'detect-libc': [ '2.1.2' ],
110 silly audit   'dom-serializer': [ '2.0.0' ],
110 silly audit   domelementtype: [ '2.3.0' ],
110 silly audit   domhandler: [ '5.0.3' ],
110 silly audit   domutils: [ '3.2.2' ],
110 silly audit   dotenv: [ '16.4.7' ],
110 silly audit   'dotenv-expand': [ '11.0.7' ],
110 silly audit   'dunder-proto': [ '1.0.1' ],
110 silly audit   'ee-first': [ '1.1.1' ],
110 silly audit   'electron-to-chromium': [ '1.5.349' ],
110 silly audit   'emoji-regex': [ '8.0.0' ],
110 silly audit   encodeurl: [ '1.0.2', '2.0.0' ],
110 silly audit   entities: [ '4.5.0' ],
110 silly audit   'env-editor': [ '0.4.2' ],
110 silly audit   'error-stack-parser': [ '2.1.4' ],
110 silly audit   'es-define-property': [ '1.0.1' ],
110 silly audit   'es-errors': [ '1.3.0' ],
110 silly audit   'es-object-atoms': [ '1.1.1' ],
110 silly audit   escalade: [ '3.2.0' ],
110 silly audit   'escape-html': [ '1.0.3' ],
110 silly audit   esprima: [ '4.0.1' ],
110 silly audit   etag: [ '1.8.1' ],
110 silly audit   'event-target-shim': [ '5.0.1' ],
110 silly audit   expo: [ '54.0.34' ],
110 silly audit   'expo-application': [ '7.0.8' ],
110 silly audit   'expo-background-fetch': [ '14.0.9' ],
110 silly audit   'expo-constants': [ '18.0.13' ],
110 silly audit   'expo-document-picker': [ '14.0.8' ],
110 silly audit   'expo-file-system': [ '19.0.22' ],
110 silly audit   'expo-image-loader': [ '6.0.0' ],
110 silly audit   'expo-image-picker': [ '17.0.11' ],
110 silly audit   'expo-linear-gradient': [ '55.0.13' ],
110 silly audit   'expo-modules-autolinking': [ '3.0.25' ],
110 silly audit   'expo-modules-core': [ '3.0.30' ],
110 silly audit   'expo-notifications': [ '0.32.17' ],
110 silly audit   'expo-server': [ '1.0.6' ],
110 silly audit   'expo-sharing': [ '14.0.8' ],
110 silly audit   'expo-sqlite': [ '16.0.10' ],
110 silly audit   'expo-status-bar': [ '3.0.9' ],
110 silly audit   'expo-task-manager': [ '14.0.9' ],
110 silly audit   '@expo/cli': [ '54.0.24' ],
110 silly audit   '@expo/prebuild-config': [ '54.0.8' ],
110 silly audit   '@expo/metro-config': [ '54.0.15' ],
110 silly audit   'expo-asset': [ '12.0.13' ],
110 silly audit   'expo-font': [ '14.0.11' ],
110 silly audit   'expo-keep-awake': [ '15.0.8' ],
110 silly audit   picomatch: [ '4.0.4', '2.3.2' ],
110 silly audit   'exponential-backoff': [ '3.1.3' ],
110 silly audit   'fast-deep-equal': [ '3.1.3' ],
110 silly audit   'fast-json-stable-stringify': [ '2.1.0' ],
110 silly audit   'fb-watchman': [ '2.0.2' ],
110 silly audit   'fill-range': [ '7.1.1' ],
110 silly audit   'filter-obj': [ '1.1.0' ],
110 silly audit   finalhandler: [ '1.1.2' ],
110 silly audit   'find-up': [ '4.1.0' ],
110 silly audit   'flow-enums-runtime': [ '0.0.6' ],
110 silly audit   fontfaceobserver: [ '2.3.0' ],
110 silly audit   'for-each': [ '0.3.5' ],
110 silly audit   'freeport-async': [ '2.0.0' ],
110 silly audit   fresh: [ '0.5.2' ],
110 silly audit   'fs.realpath': [ '1.0.0' ],
110 silly audit   fsevents: [ '2.3.3' ],
110 silly audit   'function-bind': [ '1.1.2' ],
110 silly audit   'generator-function': [ '2.0.1' ],
110 silly audit   gensync: [ '1.0.0-beta.2' ],
110 silly audit   'get-caller-file': [ '2.0.5' ],
110 silly audit   'get-intrinsic': [ '1.3.0' ],
110 silly audit   'get-package-type': [ '0.1.0' ],
110 silly audit   'get-proto': [ '1.0.1' ],
110 silly audit   getenv: [ '2.0.0' ],
110 silly audit   gopd: [ '1.2.0' ],
110 silly audit   'graceful-fs': [ '4.2.11' ],
110 silly audit   'has-property-descriptors': [ '1.0.2' ],
110 silly audit   'has-symbols': [ '1.1.0' ],
110 silly audit   'has-tostringtag': [ '1.0.2' ],
110 silly audit   hasown: [ '2.0.3' ],
110 silly audit   'hoist-non-react-statics': [ '3.3.2' ],
110 silly audit   'hosted-git-info': [ '7.0.2' ],
110 silly audit   'lru-cache': [ '10.4.3', '5.1.1', '11.3.5' ],
110 silly audit   'http-errors': [ '2.0.1' ],
110 silly audit   statuses: [ '2.0.2', '1.5.0' ],
110 silly audit   'https-proxy-agent': [ '7.0.6' ],
110 silly audit   ieee754: [ '1.2.1' ],
110 silly audit   ignore: [ '5.3.2' ],
110 silly audit   'image-size': [ '1.2.1' ],
110 silly audit   imurmurhash: [ '0.1.4' ],
110 silly audit   inflight: [ '1.0.6' ],
110 silly audit   inherits: [ '2.0.4' ],
110 silly audit   ini: [ '1.3.8' ],
110 silly audit   internmap: [ '2.0.3' ],
110 silly audit   invariant: [ '2.2.4' ],
110 silly audit   'is-arguments': [ '1.2.0' ],
110 silly audit   'is-arrayish': [ '0.3.4' ],
110 silly audit   'is-callable': [ '1.2.7' ],
110 silly audit   'is-core-module': [ '2.16.1' ],
110 silly audit   'is-docker': [ '2.2.1' ],
110 silly audit   'is-fullwidth-code-point': [ '3.0.0' ],
110 silly audit   'is-generator-function': [ '1.1.2' ],
110 silly audit   'is-nan': [ '1.3.2' ],
110 silly audit   'is-number': [ '7.0.0' ],
110 silly audit   'is-plain-obj': [ '2.1.0' ],
110 silly audit   'is-regex': [ '1.2.1' ],
110 silly audit   'is-typed-array': [ '1.1.15' ],
110 silly audit   'is-wsl': [ '2.2.0' ],
110 silly audit   isexe: [ '2.0.0' ],
110 silly audit   'istanbul-lib-coverage': [ '3.2.2' ],
110 silly audit   'istanbul-lib-instrument': [ '5.2.1' ],
110 silly audit   'its-fine': [ '1.2.5' ],
110 silly audit   'jest-environment-node': [ '29.7.0' ],
110 silly audit   'jest-get-type': [ '29.6.3' ],
110 silly audit   'jest-haste-map': [ '29.7.0' ],
110 silly audit   'jest-message-util': [ '29.7.0' ],
110 silly audit   'jest-mock': [ '29.7.0' ],
110 silly audit   'jest-regex-util': [ '29.6.3' ],
110 silly audit   'jest-util': [ '29.7.0' ],
110 silly audit   'jest-validate': [ '29.7.0' ],
110 silly audit   'jest-worker': [ '29.7.0' ],
110 silly audit   'jimp-compact': [ '0.16.1' ],
110 silly audit   'js-tokens': [ '4.0.0' ],
110 silly audit   'jsc-safe-url': [ '0.2.4' ],
110 silly audit   jsesc: [ '3.1.0' ],
110 silly audit   json5: [ '2.2.3' ],
110 silly audit   kleur: [ '3.0.3' ],
110 silly audit   'lan-network': [ '0.2.1' ],
110 silly audit   leven: [ '3.1.0' ],
110 silly audit   'lighthouse-logger': [ '1.4.2' ],
110 silly audit   lightningcss: [ '1.32.0' ],
110 silly audit   'lightningcss-android-arm64': [ '1.32.0' ],
110 silly audit   'lightningcss-darwin-arm64': [ '1.32.0' ],
110 silly audit   'lightningcss-darwin-x64': [ '1.32.0' ],
110 silly audit   'lightningcss-freebsd-x64': [ '1.32.0' ],
110 silly audit   'lightningcss-linux-arm-gnueabihf': [ '1.32.0' ],
110 silly audit   'lightningcss-linux-arm64-gnu': [ '1.32.0' ],
110 silly audit   'lightningcss-linux-arm64-musl': [ '1.32.0' ],
110 silly audit   'lightningcss-linux-x64-gnu': [ '1.32.0' ],
110 silly audit   'lightningcss-linux-x64-musl': [ '1.32.0' ],
110 silly audit   'lightningcss-win32-arm64-msvc': [ '1.32.0' ],
110 silly audit   'lightningcss-win32-x64-msvc': [ '1.32.0' ],
110 silly audit   'lines-and-columns': [ '1.2.4' ],
110 silly audit   'locate-path': [ '5.0.0' ],
110 silly audit   'lodash.debounce': [ '4.0.8' ],
110 silly audit   'lodash.throttle': [ '4.1.1' ],
110 silly audit   'log-symbols': [ '2.2.0' ],
110 silly audit   'loose-envify': [ '1.4.0' ],
110 silly audit   makeerror: [ '1.0.12' ],
110 silly audit   marky: [ '1.3.0' ],
110 silly audit   'math-intrinsics': [ '1.1.0' ],
110 silly audit   'mdn-data': [ '2.0.14' ],
110 silly audit   'memoize-one': [ '5.2.1', '6.0.0' ],
110 silly audit   'merge-options': [ '3.0.4' ],
110 silly audit   'merge-stream': [ '2.0.0' ],
110 silly audit   metro: [ '0.83.3' ],
110 silly audit   'metro-babel-transformer': [ '0.83.3' ],
110 silly audit   'metro-cache': [ '0.83.3' ],
110 silly audit   'metro-cache-key': [ '0.83.3' ],
110 silly audit   'metro-config': [ '0.83.3' ],
110 silly audit   'metro-core': [ '0.83.3' ],
110 silly audit   'metro-file-map': [ '0.83.3' ],
110 silly audit   'metro-minify-terser': [ '0.83.3' ],
110 silly audit   'metro-resolver': [ '0.83.3' ],
110 silly audit   'metro-runtime': [ '0.83.3' ],
110 silly audit   'metro-source-map': [ '0.83.3' ],
110 silly audit   'metro-symbolicate': [ '0.83.3' ],
110 silly audit   'metro-transform-plugins': [ '0.83.3' ],
110 silly audit   'metro-transform-worker': [ '0.83.3' ],
110 silly audit   micromatch: [ '4.0.8' ],
110 silly audit   mime: [ '1.6.0' ],
110 silly audit   'mime-db': [ '1.52.0' ],
110 silly audit   'mime-types': [ '2.1.35' ],
110 silly audit   'mimic-fn': [ '1.2.0' ],
110 silly audit   minimist: [ '1.2.8' ],
110 silly audit   minipass: [ '7.1.3' ],
110 silly audit   minizlib: [ '3.1.0' ],
110 silly audit   mkdirp: [ '1.0.4' ],
110 silly audit   mz: [ '2.7.0' ],
110 silly audit   nanoid: [ '3.3.12' ],
110 silly audit   'nested-error-stacks': [ '2.0.1' ],
110 silly audit   'node-forge': [ '1.4.0' ],
110 silly audit   'node-int64': [ '0.4.0' ],
110 silly audit   'node-releases': [ '2.0.38' ],
110 silly audit   'normalize-path': [ '3.0.0' ],
110 silly audit   'npm-package-arg': [ '11.0.3' ],
110 silly audit   'nth-check': [ '2.1.1' ],
110 silly audit   nullthrows: [ '1.1.1' ],
110 silly audit   ob1: [ '0.83.3' ],
110 silly audit   'object-assign': [ '4.1.1' ],
110 silly audit   'object-is': [ '1.1.6' ],
110 silly audit   'object-keys': [ '1.1.1' ],
110 silly audit   'object.assign': [ '4.1.7' ],
110 silly audit   'on-finished': [ '2.3.0', '2.4.1' ],
110 silly audit   'on-headers': [ '1.1.0' ],
110 silly audit   once: [ '1.4.0' ],
110 silly audit   onetime: [ '2.0.1' ],
110 silly audit   ora: [ '3.4.0' ],
110 silly audit   'strip-ansi': [ '5.2.0', '6.0.1' ],
110 silly audit   'p-limit': [ '3.1.0', '2.3.0' ],
110 silly audit   'p-locate': [ '4.1.0' ],
110 silly audit   'p-try': [ '2.2.0' ],
110 silly audit   'parse-png': [ '2.1.0' ],
110 silly audit   parseurl: [ '1.3.3' ],
110 silly audit   'path-exists': [ '4.0.0' ],
110 silly audit   'path-is-absolute': [ '1.0.1' ],
110 silly audit   'path-key': [ '3.1.1' ],
110 silly audit   'path-parse': [ '1.0.7' ],
110 silly audit   'path-scurry': [ '2.0.2' ],
110 silly audit   picocolors: [ '1.1.1' ],
110 silly audit   pirates: [ '4.0.7' ],
110 silly audit   plist: [ '3.1.1' ],
110 silly audit   pngjs: [ '3.4.0' ],
110 silly audit   'possible-typed-array-names': [ '1.1.0' ],
110 silly audit   postcss: [ '8.4.49' ],
110 silly audit   'pretty-bytes': [ '5.6.0' ],
110 silly audit   'pretty-format': [ '29.7.0' ],
110 silly audit   'proc-log': [ '4.2.0' ],
110 silly audit   progress: [ '2.0.3' ],
110 silly audit   promise: [ '8.3.0', '7.3.1' ],
110 silly audit   prompts: [ '2.4.2' ],
110 silly audit   punycode: [ '2.3.1' ],
110 silly audit   'qrcode-terminal': [ '0.11.0' ],
110 silly audit   'query-string': [ '7.1.3' ],
110 silly audit   queue: [ '6.0.2' ],
110 silly audit   'range-parser': [ '1.2.1' ],
110 silly audit   rc: [ '1.2.8' ],
110 silly audit   react: [ '19.1.0' ],
110 silly audit   'react-devtools-core': [ '6.1.5' ],
110 silly audit   'react-fast-compare': [ '3.2.2' ],
110 silly audit   'react-freeze': [ '1.0.4' ],
110 silly audit   'react-hook-form': [ '7.75.0' ],
110 silly audit   'react-native': [ '0.81.5' ],
110 silly audit   'react-native-draggable-flatlist': [ '4.0.3' ],
110 silly audit   'react-native-gesture-handler': [ '2.28.0' ],
110 silly audit   'react-native-is-edge-to-edge': [ '1.3.1' ],
110 silly audit   'react-native-reanimated': [ '4.1.7' ],
110 silly audit   'react-native-safe-area-context': [ '5.6.2' ],
110 silly audit   'react-native-screens': [ '4.16.0' ],
110 silly audit   'react-native-svg': [ '15.12.1' ],
110 silly audit   'react-native-worklets': [ '0.5.1' ],
110 silly audit   '@react-native/virtualized-lists': [ '0.81.5' ],
110 silly audit   'react-reconciler': [ '0.31.0' ],
110 silly audit   scheduler: [ '0.25.0', '0.26.0' ],
110 silly audit   'react-refresh': [ '0.14.2' ],
110 silly audit   regenerate: [ '1.4.2' ],
110 silly audit   'regenerate-unicode-properties': [ '10.2.2' ],
110 silly audit   'regenerator-runtime': [ '0.13.11' ],
110 silly audit   'regexpu-core': [ '6.4.0' ],
110 silly audit   regjsgen: [ '0.8.0' ],
110 silly audit   regjsparser: [ '0.13.1' ],
110 silly audit   'require-directory': [ '2.1.1' ],
110 silly audit   'require-from-string': [ '2.0.2' ],
110 silly audit   requireg: [ '0.2.2' ],
110 silly audit   resolve: [ '1.7.1', '1.22.12' ],
110 silly audit   'resolve-from': [ '5.0.0' ],
110 silly audit   'resolve-workspace-root': [ '2.0.1' ],
110 silly audit   'resolve.exports': [ '2.0.3' ],
110 silly audit   'restore-cursor': [ '2.0.0' ],
110 silly audit   rimraf: [ '3.0.2' ],
110 silly audit   'safe-buffer': [ '5.2.1' ],
110 silly audit   'safe-regex-test': [ '1.1.0' ],
110 silly audit   sax: [ '1.6.0' ],
110 silly audit   send: [ '0.19.2' ],
110 silly audit   'serialize-error': [ '2.1.0' ],
110 silly audit   'serve-static': [ '1.16.3' ],
110 silly audit   'set-function-length': [ '1.2.2' ],
110 silly audit   setprototypeof: [ '1.2.0' ],
110 silly audit   'sf-symbols-typescript': [ '2.2.0' ],
110 silly audit   'shebang-command': [ '2.0.0' ],
110 silly audit   'shebang-regex': [ '3.0.0' ],
110 silly audit   'shell-quote': [ '1.8.3' ],
110 silly audit   'signal-exit': [ '3.0.7' ],
110 silly audit   'simple-plist': [ '1.3.1' ],
110 silly audit   'simple-swizzle': [ '0.2.4' ],
110 silly audit   sisteransi: [ '1.0.5' ],
110 silly audit   slash: [ '3.0.0' ],
110 silly audit   slugify: [ '1.6.9' ],
110 silly audit   'source-map-js': [ '1.2.1' ],
110 silly audit   'source-map-support': [ '0.5.21' ],
110 silly audit   'split-on-first': [ '1.1.0' ],
110 silly audit   'sprintf-js': [ '1.0.3' ],
110 silly audit   'stack-utils': [ '2.0.6' ],
110 silly audit   stackframe: [ '1.3.4' ],
110 silly audit   'stacktrace-parser': [ '0.1.11' ],
110 silly audit   'stream-buffers': [ '2.2.0' ],
110 silly audit   'strict-uri-encode': [ '2.0.0' ],
110 silly audit   'string-width': [ '4.2.3' ],
110 silly audit   'strip-json-comments': [ '2.0.1' ],
110 silly audit   'structured-headers': [ '0.4.1' ],
110 silly audit   sucrase: [ '3.35.1' ],
110 silly audit   'supports-hyperlinks': [ '2.3.0' ],
110 silly audit   'supports-preserve-symlinks-flag': [ '1.0.0' ],
110 silly audit   tar: [ '7.5.13' ],
110 silly audit   yallist: [ '5.0.0', '3.1.1' ],
110 silly audit   'terminal-link': [ '2.1.1' ],
110 silly audit   terser: [ '5.46.2' ],
110 silly audit   'test-exclude': [ '6.0.0' ],
110 silly audit   thenify: [ '3.3.1' ],
110 silly audit   'thenify-all': [ '1.6.0' ],
110 silly audit   throat: [ '5.0.0' ],
110 silly audit   tinyglobby: [ '0.2.16' ],
110 silly audit   fdir: [ '6.5.0' ],
110 silly audit   tmpl: [ '1.0.5' ],
110 silly audit   'to-regex-range': [ '5.0.1' ],
110 silly audit   toidentifier: [ '1.0.1' ],
110 silly audit   'ts-interface-checker': [ '0.1.13' ],
110 silly audit   'type-detect': [ '4.0.8' ],
110 silly audit   typescript: [ '5.9.3' ],
110 silly audit   undici: [ '6.25.0' ],
110 silly audit   'undici-types': [ '7.19.2' ],
110 silly audit   'unicode-canonical-property-names-ecmascript': [ '2.0.1' ],
110 silly audit   'unicode-match-property-ecmascript': [ '2.0.0' ],
110 silly audit   'unicode-match-property-value-ecmascript': [ '2.2.1' ],
110 silly audit   'unicode-property-aliases-ecmascript': [ '2.2.0' ],
110 silly audit   'unimodules-app-loader': [ '6.0.8' ],
110 silly audit   unpipe: [ '1.0.0' ],
110 silly audit   'update-browserslist-db': [ '1.2.3' ],
110 silly audit   'use-latest-callback': [ '0.2.6' ],
110 silly audit   'use-sync-external-store': [ '1.6.0' ],
110 silly audit   util: [ '0.12.5' ],
110 silly audit   'utils-merge': [ '1.0.1' ],
110 silly audit   uuid: [ '7.0.3' ],
110 silly audit   'validate-npm-package-name': [ '5.0.1' ],
110 silly audit   vary: [ '1.1.2' ],
110 silly audit   'victory-native': [ '41.20.2' ],
110 silly audit   vlq: [ '1.0.1' ],
110 silly audit   walker: [ '1.0.8' ],
110 silly audit   'warn-once': [ '0.1.1' ],
110 silly audit   wcwidth: [ '1.0.1' ],
110 silly audit   'webidl-conversions': [ '5.0.0', '3.0.1' ],
110 silly audit   'whatwg-fetch': [ '3.6.20' ],
110 silly audit   'whatwg-url-without-unicode': [ '8.0.0-3' ],
110 silly audit   which: [ '2.0.2' ],
110 silly audit   'which-typed-array': [ '1.1.20' ],
110 silly audit   wonka: [ '6.3.6' ],
110 silly audit   'wrap-ansi': [ '7.0.0' ],
110 silly audit   wrappy: [ '1.0.2' ],
110 silly audit   'write-file-atomic': [ '4.0.2' ],
110 silly audit   xcode: [ '3.0.1' ],
110 silly audit   xml2js: [ '0.6.0' ],
110 silly audit   xmlbuilder: [ '11.0.1', '15.1.1' ],
110 silly audit   y18n: [ '5.0.8' ],
110 silly audit   yaml: [ '2.8.4' ],
110 silly audit   yargs: [ '17.7.2' ],
110 silly audit   'yargs-parser': [ '21.1.1' ],
110 silly audit   'yocto-queue': [ '0.1.0' ],
110 silly audit   zod: [ '4.4.3' ],
110 silly audit   'react-dom': [ '19.1.0' ],
110 silly audit   'react-native-web': [ '0.21.2' ],
110 silly audit   fbjs: [ '3.0.5' ],
110 silly audit   'inline-style-prefixer': [ '7.0.1' ],
110 silly audit   'postcss-value-parser': [ '4.2.0' ],
110 silly audit   styleq: [ '0.1.3' ],
110 silly audit   'cross-fetch': [ '3.2.0' ],
110 silly audit   'fbjs-css-vars': [ '1.0.2' ],
110 silly audit   setimmediate: [ '1.0.5' ],
110 silly audit   'ua-parser-js': [ '1.0.41' ],
110 silly audit   'node-fetch': [ '2.7.0' ],
110 silly audit   'css-in-js-utils': [ '3.1.0' ],
110 silly audit   'hyphenate-style-name': [ '1.1.0' ],
110 silly audit   'whatwg-url': [ '5.0.0' ],
110 silly audit   tr46: [ '0.0.3' ]
110 silly audit }
111 http cache tr46@https://registry.npmmirror.com/tr46/-/tr46-0.0.3.tgz 0ms (cache hit)
112 http cache node-fetch@https://registry.npmmirror.com/node-fetch/-/node-fetch-2.7.0.tgz 0ms (cache hit)
113 http cache hyphenate-style-name@https://registry.npmmirror.com/hyphenate-style-name/-/hyphenate-style-name-1.1.0.tgz 0ms (cache hit)
114 http cache ua-parser-js@https://registry.npmmirror.com/ua-parser-js/-/ua-parser-js-1.0.41.tgz 0ms (cache hit)
115 http cache fbjs-css-vars@https://registry.npmmirror.com/fbjs-css-vars/-/fbjs-css-vars-1.0.2.tgz 0ms (cache hit)
116 http cache setimmediate@https://registry.npmmirror.com/setimmediate/-/setimmediate-1.0.5.tgz 0ms (cache hit)
117 http cache cross-fetch@https://registry.npmmirror.com/cross-fetch/-/cross-fetch-3.2.0.tgz 0ms (cache hit)
118 http cache css-in-js-utils@https://registry.npmmirror.com/css-in-js-utils/-/css-in-js-utils-3.1.0.tgz 0ms (cache hit)
119 http cache postcss-value-parser@https://registry.npmmirror.com/postcss-value-parser/-/postcss-value-parser-4.2.0.tgz 0ms (cache hit)
120 http cache inline-style-prefixer@https://registry.npmmirror.com/inline-style-prefixer/-/inline-style-prefixer-7.0.1.tgz 0ms (cache hit)
121 http cache webidl-conversions@https://registry.npmmirror.com/webidl-conversions/-/webidl-conversions-3.0.1.tgz 0ms (cache hit)
122 http cache styleq@https://registry.npmmirror.com/styleq/-/styleq-0.1.3.tgz 0ms (cache hit)
123 http cache react-dom@https://registry.npmmirror.com/react-dom/-/react-dom-19.1.0.tgz 0ms (cache hit)
124 http cache react-native-web@https://registry.npmmirror.com/react-native-web/-/react-native-web-0.21.2.tgz 0ms (cache hit)
125 http cache whatwg-url@https://registry.npmmirror.com/whatwg-url/-/whatwg-url-5.0.0.tgz 0ms (cache hit)
126 http cache fbjs@https://registry.npmmirror.com/fbjs/-/fbjs-3.0.5.tgz 0ms (cache hit)
127 http cache promise@https://registry.npmmirror.com/promise/-/promise-7.3.1.tgz 0ms (cache hit)
128 http cache @react-native/normalize-colors@https://registry.npmmirror.com/@react-native/normalize-colors/-/normalize-colors-0.74.89.tgz 0ms (cache hit)
129 http cache memoize-one@https://registry.npmmirror.com/memoize-one/-/memoize-one-6.0.0.tgz 0ms (cache hit)
130 silly tarball no local data for tr46@https://registry.npmmirror.com/tr46/-/tr46-0.0.3.tgz. Extracting by manifest.
131 silly tarball no local data for node-fetch@https://registry.npmmirror.com/node-fetch/-/node-fetch-2.7.0.tgz. Extracting by manifest.
132 silly tarball no local data for hyphenate-style-name@https://registry.npmmirror.com/hyphenate-style-name/-/hyphenate-style-name-1.1.0.tgz. Extracting by manifest.
133 silly tarball no local data for ua-parser-js@https://registry.npmmirror.com/ua-parser-js/-/ua-parser-js-1.0.41.tgz. Extracting by manifest.
134 silly tarball no local data for fbjs-css-vars@https://registry.npmmirror.com/fbjs-css-vars/-/fbjs-css-vars-1.0.2.tgz. Extracting by manifest.
135 silly tarball no local data for setimmediate@https://registry.npmmirror.com/setimmediate/-/setimmediate-1.0.5.tgz. Extracting by manifest.
136 silly tarball no local data for cross-fetch@https://registry.npmmirror.com/cross-fetch/-/cross-fetch-3.2.0.tgz. Extracting by manifest.
137 silly tarball no local data for css-in-js-utils@https://registry.npmmirror.com/css-in-js-utils/-/css-in-js-utils-3.1.0.tgz. Extracting by manifest.
138 silly tarball no local data for postcss-value-parser@https://registry.npmmirror.com/postcss-value-parser/-/postcss-value-parser-4.2.0.tgz. Extracting by manifest.
139 silly tarball no local data for inline-style-prefixer@https://registry.npmmirror.com/inline-style-prefixer/-/inline-style-prefixer-7.0.1.tgz. Extracting by manifest.
140 silly tarball no local data for webidl-conversions@https://registry.npmmirror.com/webidl-conversions/-/webidl-conversions-3.0.1.tgz. Extracting by manifest.
141 silly tarball no local data for styleq@https://registry.npmmirror.com/styleq/-/styleq-0.1.3.tgz. Extracting by manifest.
142 silly tarball no local data for react-dom@https://registry.npmmirror.com/react-dom/-/react-dom-19.1.0.tgz. Extracting by manifest.
143 silly tarball no local data for react-native-web@https://registry.npmmirror.com/react-native-web/-/react-native-web-0.21.2.tgz. Extracting by manifest.
144 silly tarball no local data for whatwg-url@https://registry.npmmirror.com/whatwg-url/-/whatwg-url-5.0.0.tgz. Extracting by manifest.
145 silly tarball no local data for fbjs@https://registry.npmmirror.com/fbjs/-/fbjs-3.0.5.tgz. Extracting by manifest.
146 silly tarball no local data for promise@https://registry.npmmirror.com/promise/-/promise-7.3.1.tgz. Extracting by manifest.
147 silly tarball no local data for @react-native/normalize-colors@https://registry.npmmirror.com/@react-native/normalize-colors/-/normalize-colors-0.74.89.tgz. Extracting by manifest.
148 silly tarball no local data for memoize-one@https://registry.npmmirror.com/memoize-one/-/memoize-one-6.0.0.tgz. Extracting by manifest.
149 http fetch POST 404 https://registry.npmmirror.com/-/npm/v1/security/advisories/bulk 161ms
150 verbose audit error HttpErrorGeneral: 404 Not Found - POST https://registry.npmmirror.com/-/npm/v1/security/advisories/bulk - [NOT_IMPLEMENTED] /-/npm/v1/security/* not implemented yet
150 verbose audit error     at /opt/homebrew/lib/node_modules/npm/node_modules/npm-registry-fetch/lib/check-response.js:103:15
150 verbose audit error     at process.processTicksAndRejections (node:internal/process/task_queues:104:5)
150 verbose audit error     at async #getReport (/opt/homebrew/lib/node_modules/npm/node_modules/@npmcli/arborist/lib/audit-report.js:275:19)
150 verbose audit error     at async AuditReport.run (/opt/homebrew/lib/node_modules/npm/node_modules/@npmcli/arborist/lib/audit-report.js:100:19) {
150 verbose audit error   headers: [Object: null prototype] {
150 verbose audit error     server: [ 'Tengine' ],
150 verbose audit error     date: [ 'Sat, 09 May 2026 08:27:31 GMT' ],
150 verbose audit error     'content-type': [ 'application/json' ],
150 verbose audit error     'transfer-encoding': [ 'chunked' ],
150 verbose audit error     connection: [ 'keep-alive' ],
150 verbose audit error     'strict-transport-security': [ 'max-age=5184000' ],
150 verbose audit error     via: [ 'ens-cache17.tw14[,404666]' ],
150 verbose audit error     'timing-allow-origin': [ '*' ],
150 verbose audit error     eagleid: [ '9b66b8a517783152518021157e' ],
150 verbose audit error     'x-fetch-attempts': [ '1' ]
150 verbose audit error   },
150 verbose audit error   statusCode: 404,
150 verbose audit error   code: 'E404',
150 verbose audit error   method: 'POST',
150 verbose audit error   uri: 'https://registry.npmmirror.com/-/npm/v1/security/advisories/bulk',
150 verbose audit error   body: {
150 verbose audit error     error: '[NOT_IMPLEMENTED] /-/npm/v1/security/* not implemented yet'
150 verbose audit error   },
150 verbose audit error   pkgid: undefined
150 verbose audit error }
151 silly audit error [object Object]
152 silly audit report null
153 http fetch GET 200 https://cdn.npmmirror.com/packages/hyphenate-style-name/1.1.0/hyphenate-style-name-1.1.0.tgz 852ms (cache miss)
154 http fetch GET 200 https://cdn.npmmirror.com/packages/node-fetch/2.7.0/node-fetch-2.7.0.tgz 864ms (cache miss)
155 http fetch GET 200 https://cdn.npmmirror.com/packages/styleq/0.1.3/styleq-0.1.3.tgz 979ms (cache miss)
156 http fetch GET 200 https://cdn.npmmirror.com/packages/inline-style-prefixer/7.0.1/inline-style-prefixer-7.0.1.tgz 996ms (cache miss)
157 http fetch GET 200 https://cdn.npmmirror.com/packages/%40react-native/normalize-colors/0.74.89/normalize-colors-0.74.89.tgz 1110ms (cache miss)
158 http fetch GET 200 https://cdn.npmmirror.com/packages/fbjs-css-vars/1.0.2/fbjs-css-vars-1.0.2.tgz 1132ms (cache miss)
159 http fetch GET 200 https://cdn.npmmirror.com/packages/postcss-value-parser/4.2.0/postcss-value-parser-4.2.0.tgz 1130ms (cache miss)
160 http fetch GET 200 https://cdn.npmmirror.com/packages/tr46/0.0.3/tr46-0.0.3.tgz 1150ms (cache miss)
161 http fetch GET 200 https://cdn.npmmirror.com/packages/fbjs/3.0.5/fbjs-3.0.5.tgz 1172ms (cache miss)
162 http fetch GET 200 https://cdn.npmmirror.com/packages/whatwg-url/5.0.0/whatwg-url-5.0.0.tgz 1185ms (cache miss)
163 http fetch GET 200 https://cdn.npmmirror.com/packages/ua-parser-js/1.0.41/ua-parser-js-1.0.41.tgz 1226ms (cache miss)
164 http fetch GET 200 https://cdn.npmmirror.com/packages/cross-fetch/3.2.0/cross-fetch-3.2.0.tgz 1267ms (cache miss)
165 http fetch GET 200 https://cdn.npmmirror.com/packages/setimmediate/1.0.5/setimmediate-1.0.5.tgz 1418ms (cache miss)
166 http fetch GET 200 https://cdn.npmmirror.com/packages/webidl-conversions/3.0.1/webidl-conversions-3.0.1.tgz 1417ms (cache miss)
167 http fetch GET 200 https://cdn.npmmirror.com/packages/css-in-js-utils/3.1.0/css-in-js-utils-3.1.0.tgz 1459ms (cache miss)
168 http fetch GET 200 https://cdn.npmmirror.com/packages/promise/7.3.1/promise-7.3.1.tgz 1480ms (cache miss)
169 http fetch GET 200 https://cdn.npmmirror.com/packages/react-native-web/0.21.2/react-native-web-0.21.2.tgz 1540ms (cache miss)
170 http fetch GET 200 https://cdn.npmmirror.com/packages/memoize-one/6.0.0/memoize-one-6.0.0.tgz 1644ms (cache miss)
171 http fetch GET 200 https://cdn.npmmirror.com/packages/react-dom/19.1.0/react-dom-19.1.0.tgz 1708ms (cache miss)
172 silly ADD node_modules/tr46
173 silly ADD node_modules/whatwg-url
174 silly ADD node_modules/whatwg-url/node_modules/webidl-conversions
175 silly ADD node_modules/hyphenate-style-name
176 silly ADD node_modules/css-in-js-utils
177 silly ADD node_modules/node-fetch
178 silly ADD node_modules/ua-parser-js
179 silly ADD node_modules/setimmediate
180 silly ADD node_modules/fbjs-css-vars
181 silly ADD node_modules/cross-fetch
182 silly ADD node_modules/styleq
183 silly ADD node_modules/postcss-value-parser
184 silly ADD node_modules/inline-style-prefixer
185 silly ADD node_modules/fbjs
186 silly ADD node_modules/fbjs/node_modules/promise
187 silly ADD node_modules/react-native-web
188 silly ADD node_modules/react-native-web/node_modules/memoize-one
189 silly ADD node_modules/react-native-web/node_modules/@react-native/normalize-colors
190 silly ADD node_modules/react-dom
191 verbose cwd /Users/chriskong/Downloads/同步空间/Python/asset/daily-cost-tracker
192 verbose os Darwin 24.6.0
193 verbose node v25.9.0
194 verbose npm  v11.12.1
195 verbose exit 0
196 info ok
